<?xml version="1.0" encoding="UTF-8"?>
<testsuite xmlns:xsi="http://www.w3.org/2001/XMLSchema-instance" xsi:noNamespaceSchemaLocation="https://maven.apache.org/surefire/maven-surefire-plugin/xsd/surefire-test-report-3.0.xsd" version="3.0" name="com.mycompany.myapp.security.jwt.JWTFilterTest" time="1.788" tests="5" errors="0" skipped="0" failures="0">
  <properties>
[...]
</properties>
  <testcase name="testJWTFilterInvalidToken" classname="com.mycompany.myapp.security.jwt.JWTFilterTest" time="0.274"/>
  <testcase name="testJWTFilter" classname="com.mycompany.myapp.security.jwt.JWTFilterTest" time="1.507"/>
  <testcase name="testJWTFilterMissingAuthorization" classname="com.mycompany.myapp.security.jwt.JWTFilterTest" time="0.001"/>
  <testcase name="testJWTFilterMissingToken" classname="com.mycompany.myapp.security.jwt.JWTFilterTest" time="0"/>
  <testcase name="testJWTFilterWrongScheme" classname="com.mycompany.myapp.security.jwt.JWTFilterTest" time="0.001"/>
</testsuite>